\BOOKMARK [0][-]{chapter.1}{Introduction}{}% 1
\BOOKMARK [1][-]{section.1.1}{Why Digital Predistortion?}{chapter.1}% 2
\BOOKMARK [1][-]{section.1.2}{Current Techniques of DPD}{chapter.1}% 3
\BOOKMARK [2][-]{subsection.1.2.1}{Direct and Indirect Learning}{section.1.2}% 4
\BOOKMARK [2][-]{subsection.1.2.2}{Nonlinear Models}{section.1.2}% 5
\BOOKMARK [1][-]{section.1.3}{The Best Linear Approximation}{chapter.1}% 6
\BOOKMARK [2][-]{subsection.1.3.1}{What is the BLA?}{section.1.3}% 7
\BOOKMARK [2][-]{subsection.1.3.2}{How to measure it?}{section.1.3}% 8
\BOOKMARK [2][-]{subsection.1.3.3}{Out of Band BLA and the Tickler Tone}{section.1.3}% 9
\BOOKMARK [1][-]{section.1.4}{Iterative Learning Control}{chapter.1}% 10
\BOOKMARK [2][-]{subsection.1.4.1}{The Algorithm}{section.1.4}% 11
\BOOKMARK [2][-]{subsection.1.4.2}{Properties}{section.1.4}% 12
\BOOKMARK [0][-]{chapter.2}{Using the BLA in ILC for DPD}{}% 13
\BOOKMARK [1][-]{section.2.1}{Introduction}{chapter.2}% 14
\BOOKMARK [1][-]{section.2.2}{The Blocky Tought Experiment}{chapter.2}% 15
\BOOKMARK [1][-]{section.2.3}{Why can it work?}{chapter.2}% 16
\BOOKMARK [1][-]{section.2.4}{Creation of a standalone DPD}{chapter.2}% 17
\BOOKMARK [1][-]{section.2.5}{Estimating the Preinverse}{chapter.2}% 18
\BOOKMARK [0][-]{chapter.3}{Simulation Results}{}% 19
\BOOKMARK [1][-]{section.3.1}{ILC with BLA}{chapter.3}% 20
\BOOKMARK [2][-]{subsection.3.1.1}{Test on Different Systems}{section.3.1}% 21
\BOOKMARK [2][-]{subsection.3.1.2}{Influence of Noise}{section.3.1}% 22
\BOOKMARK [2][-]{subsection.3.1.3}{Study of Convergence}{section.3.1}% 23
\BOOKMARK [2][-]{subsection.3.1.4}{Compensate to Static Gain or BLA?}{section.3.1}% 24
\BOOKMARK [1][-]{section.3.2}{Standalone DPD}{chapter.3}% 25
\BOOKMARK [0][-]{chapter.4}{Application on a Audio Valve Amplifier}{}% 26
\BOOKMARK [1][-]{section.4.1}{The Synchronisation Challenge}{chapter.4}% 27
\BOOKMARK [1][-]{section.4.2}{Measure the BLA}{chapter.4}% 28
\BOOKMARK [1][-]{section.4.3}{Apply ILC}{chapter.4}% 29
\BOOKMARK [1][-]{section.4.4}{Estimate DPD}{chapter.4}% 30
\BOOKMARK [1][-]{section.4.5}{Results}{chapter.4}% 31
\BOOKMARK [0][-]{chapter.5}{Conclusion}{}% 32
